<?xml version="1.0" encoding="UTF-8"?>
<!-- Generated by org.testng.reporters.JUnitReportReporter -->
<testsuite skipped="0" hostname="DESKTOP-12KTNG0" name="newPackage.A3_FillingTheForm" tests="1" failures="0" timestamp="2022-04-04T20:39:57 EEST" time="8.100" errors="0">
  <testcase name="FillingTheFormWithCorrectData" time="8.100" classname="newPackage.A3_FillingTheForm"/>
  <system-out/>
</testsuite> <!-- newPackage.A3_FillingTheForm -->
