<?xml version="1.0" encoding="UTF-8"?>
<!-- Generated by org.testng.reporters.JUnitReportReporter -->
<testsuite skipped="0" hostname="DESKTOP-12KTNG0" name="newPackage.WaitOutside" tests="1" failures="0" timestamp="2022-02-28T22:29:36 EET" time="1.116" errors="0">
  <testcase name="CheckForBrokenHyperLink" time="1.116" classname="newPackage.WaitOutside"/>
  <system-out/>
</testsuite> <!-- newPackage.WaitOutside -->
