<?xml version="1.0" encoding="UTF-8"?>
<!-- Generated by org.testng.reporters.JUnitReportReporter -->
<testsuite skipped="0" hostname="DESKTOP-12KTNG0" name="newPackage.Positive_123" tests="1" failures="0" timestamp="2022-04-26T10:21:30 EEST" time="2.361" errors="0">
  <testcase name="FillingTheFormWithCorrectData" time="2.361" classname="newPackage.Positive_123"/>
  <system-out/>
</testsuite> <!-- newPackage.Positive_123 -->
