<?xml version="1.0" encoding="UTF-8"?>
<!-- Generated by org.testng.reporters.JUnitReportReporter -->
<testsuite skipped="0" hostname="DESKTOP-12KTNG0" name="newPackage.NewTest" tests="1" failures="0" timestamp="2022-02-25T11:36:05 EET" time="2.291" errors="0">
  <testcase name="Explicitwait" time="2.291" classname="newPackage.NewTest"/>
  <system-out/>
</testsuite> <!-- newPackage.NewTest -->
