<?xml version="1.0" encoding="UTF-8"?>
<!-- Generated by org.testng.reporters.JUnitReportReporter -->
<testsuite skipped="0" hostname="DESKTOP-12KTNG0" name="newPackage.Reg_form_test_1" tests="1" failures="0" timestamp="2022-04-14T11:17:33 EEST" time="8.642" errors="0">
  <testcase name="FillingTheFormWithCorrectData" time="8.642" classname="newPackage.Reg_form_test_1"/>
  <system-out/>
</testsuite> <!-- newPackage.Reg_form_test_1 -->
