<?xml version="1.0" encoding="UTF-8"?>
<!-- Generated by org.testng.reporters.JUnitReportReporter -->
<testsuite skipped="0" hostname="DESKTOP-12KTNG0" name="newPackage.A2_FillingTheForm" tests="1" failures="0" timestamp="2022-03-01T12:29:00 EET" time="3.278" errors="0">
  <testcase name="FillingTheFormWithCorrectData" time="3.278" classname="newPackage.A2_FillingTheForm"/>
  <system-out/>
</testsuite> <!-- newPackage.A2_FillingTheForm -->
